SF:lib\core\common\exception.dart
DA:6,4
DA:12,0
LF:2
LH:1
end_of_record
SF:lib\movie_fixtures\data\datasources\movie_local_data_source.dart
DA:19,1
DA:21,1
DA:24,2
DA:27,2
DA:31,1
DA:34,2
DA:37,2
DA:41,1
DA:43,2
DA:45,1
DA:51,1
DA:53,2
DA:54,4
DA:57,0
DA:59,0
DA:60,0
DA:63,0
DA:65,0
DA:66,0
DA:67,0
DA:69,0
LF:21
LH:13
end_of_record
SF:lib\core\domain\entities\genre.dart
DA:4,11
DA:12,4
DA:13,12
LF:3
LH:3
end_of_record
SF:lib\movie_fixtures\data\models\movie_table.dart
DA:12,2
DA:19,2
DA:20,1
DA:21,1
DA:22,1
DA:23,1
DA:26,2
DA:27,1
DA:28,1
DA:29,1
DA:30,1
DA:33,0
DA:34,0
DA:35,0
DA:36,0
DA:37,0
DA:40,2
DA:41,1
DA:42,1
DA:43,1
DA:44,1
DA:47,2
DA:49,10
LF:23
LH:18
end_of_record
SF:lib\movie_fixtures\domain\entities\movie.dart
DA:4,11
DA:20,1
DA:41,7
DA:42,7
DA:43,7
DA:44,7
DA:45,7
DA:46,7
DA:47,7
DA:48,7
DA:49,7
DA:50,7
DA:51,7
DA:52,7
DA:53,7
DA:54,7
DA:55,7
LF:17
LH:17
end_of_record
SF:lib\movie_fixtures\domain\entities\movie_detail.dart
DA:5,6
DA:33,2
DA:34,2
DA:35,2
DA:36,2
DA:37,2
DA:38,2
DA:39,2
DA:40,2
DA:41,2
DA:42,2
DA:43,2
DA:44,2
DA:45,2
LF:14
LH:14
end_of_record
SF:lib\tv_series_fixtures\data\models\tv_table.dart
DA:13,2
DA:20,2
DA:21,1
DA:22,1
DA:23,1
DA:24,1
DA:27,2
DA:28,1
DA:29,1
DA:30,1
DA:31,1
DA:34,0
DA:35,0
DA:36,0
DA:37,0
DA:38,0
DA:41,0
DA:42,0
DA:43,0
DA:44,0
DA:45,0
DA:48,2
DA:49,1
DA:50,1
DA:51,1
DA:52,1
DA:55,2
DA:56,10
LF:28
LH:18
end_of_record
SF:lib\tv_series_fixtures\domain\entities\tv.dart
DA:4,9
DA:13,1
DA:27,8
DA:28,8
DA:29,8
DA:30,8
DA:31,8
DA:32,8
DA:33,8
DA:34,8
LF:10
LH:10
end_of_record
SF:lib\tv_series_fixtures\domain\entities\tv_detail.dart
DA:5,5
DA:31,2
DA:32,2
DA:33,2
DA:34,2
DA:35,2
DA:36,2
DA:37,2
DA:38,2
DA:39,2
DA:40,2
DA:41,2
DA:42,2
DA:43,2
LF:14
LH:14
end_of_record
SF:lib\core\common\failure.dart
DA:6,13
DA:8,2
DA:9,4
DA:13,22
DA:17,8
DA:21,8
DA:25,0
LF:7
LH:6
end_of_record
SF:lib\core\common\network_info.dart
DA:10,0
DA:12,0
DA:13,0
LF:3
LH:0
end_of_record
SF:lib\core\data\db\database_helper.dart
DA:10,0
DA:14,0
DA:18,0
DA:20,0
DA:29,0
DA:30,0
DA:31,0
DA:33,0
DA:37,0
DA:38,0
DA:45,0
DA:46,0
DA:53,0
DA:56,0
DA:58,0
DA:59,0
DA:60,0
DA:61,0
DA:62,0
DA:63,0
DA:69,0
DA:70,0
DA:71,0
DA:74,0
DA:75,0
DA:76,0
DA:79,0
DA:83,0
DA:84,0
DA:85,0
DA:88,0
DA:91,0
DA:92,0
DA:98,0
DA:99,0
DA:101,0
DA:107,0
DA:108,0
DA:109,0
DA:112,0
DA:113,0
DA:114,0
DA:117,0
DA:121,0
DA:122,0
DA:123,0
DA:126,0
DA:129,0
DA:130,0
DA:136,0
DA:137,0
DA:138,0
DA:143,0
DA:144,0
DA:145,0
DA:148,0
DA:154,0
DA:155,0
DA:156,0
DA:159,0
LF:60
LH:0
end_of_record
SF:lib\movie_fixtures\data\datasources\movie_remote_data_source.dart
DA:25,1
DA:27,1
DA:30,4
DA:32,2
DA:33,4
DA:35,1
DA:39,1
DA:42,4
DA:44,2
DA:45,3
DA:47,1
DA:51,1
DA:53,1
DA:54,3
DA:56,2
DA:57,4
DA:59,1
DA:63,1
DA:66,4
DA:68,2
DA:69,4
DA:71,1
DA:75,1
DA:78,4
DA:80,2
DA:81,4
DA:83,1
DA:87,1
DA:89,1
DA:90,3
DA:92,2
DA:93,4
DA:95,1
LF:33
LH:33
end_of_record
SF:lib\movie_fixtures\data\models\movie_detail_model.dart
DA:7,2
DA:53,1
DA:54,1
DA:55,1
DA:56,1
DA:57,1
DA:58,1
DA:59,4
DA:60,1
DA:61,1
DA:62,1
DA:63,1
DA:64,1
DA:65,1
DA:66,2
DA:67,1
DA:68,1
DA:69,1
DA:70,1
DA:71,1
DA:72,1
DA:73,1
DA:74,1
DA:75,2
DA:76,1
DA:79,0
DA:80,0
DA:81,0
DA:82,0
DA:83,0
DA:84,0
DA:85,0
DA:86,0
DA:87,0
DA:88,0
DA:89,0
DA:90,0
DA:91,0
DA:92,0
DA:93,0
DA:94,0
DA:95,0
DA:96,0
DA:97,0
DA:98,0
DA:99,0
DA:100,0
DA:103,1
DA:104,1
DA:105,1
DA:106,1
DA:107,5
DA:108,1
DA:109,1
DA:110,1
DA:111,1
DA:112,1
DA:113,1
DA:114,1
DA:115,1
DA:116,1
DA:120,1
DA:122,1
DA:123,1
DA:124,1
DA:125,1
DA:126,1
DA:127,1
DA:128,1
DA:129,1
DA:130,1
DA:131,1
DA:132,1
DA:133,1
DA:134,1
DA:135,1
DA:136,1
DA:137,1
DA:138,1
DA:139,1
DA:140,1
DA:141,1
DA:142,1
DA:143,1
LF:84
LH:62
end_of_record
SF:lib\movie_fixtures\data\models\movie_model.dart
DA:6,4
DA:36,4
DA:37,2
DA:38,2
DA:39,8
DA:40,2
DA:41,2
DA:42,2
DA:43,4
DA:44,2
DA:45,2
DA:46,2
DA:47,2
DA:48,4
DA:49,2
DA:52,2
DA:53,1
DA:54,1
DA:55,4
DA:56,1
DA:57,1
DA:58,1
DA:59,1
DA:60,1
DA:61,1
DA:62,1
DA:63,1
DA:64,1
DA:65,1
DA:68,2
DA:69,2
DA:70,2
DA:71,2
DA:72,2
DA:73,2
DA:74,2
DA:75,2
DA:76,2
DA:77,2
DA:78,2
DA:79,2
DA:80,2
DA:81,2
DA:82,2
DA:86,2
DA:87,2
DA:88,2
DA:89,2
DA:90,2
DA:91,2
DA:92,2
DA:93,2
DA:94,2
DA:95,2
DA:96,2
DA:97,2
DA:98,2
DA:99,2
DA:100,2
LF:59
LH:59
end_of_record
SF:lib\tv_series_fixtures\data\datasources\tv_local_data_source.dart
DA:15,1
DA:17,1
DA:20,2
DA:23,2
DA:27,1
DA:30,2
DA:33,2
DA:37,1
DA:39,2
DA:41,1
DA:47,1
DA:49,2
DA:50,4
LF:13
LH:13
end_of_record
SF:lib\tv_series_fixtures\data\datasources\tv_remote_data_source.dart
DA:25,1
DA:27,1
DA:30,4
DA:32,2
DA:33,4
DA:35,1
DA:39,1
DA:41,4
DA:43,2
DA:44,3
DA:46,1
DA:50,1
DA:52,1
DA:53,3
DA:55,2
DA:56,4
DA:58,1
DA:62,1
DA:65,4
DA:67,2
DA:68,4
DA:70,1
DA:74,1
DA:77,4
DA:79,2
DA:80,4
DA:82,1
DA:86,1
DA:88,1
DA:89,3
DA:91,2
DA:92,4
DA:94,1
LF:33
LH:33
end_of_record
SF:lib\tv_series_fixtures\data\models\tv_detail_model.dart
DA:7,2
DA:37,1
DA:38,1
DA:39,1
DA:40,1
DA:41,4
DA:42,1
DA:43,1
DA:44,1
DA:45,1
DA:46,2
DA:47,1
DA:48,1
DA:49,1
DA:50,1
DA:51,2
DA:52,1
DA:55,0
DA:56,0
DA:57,0
DA:58,0
DA:59,0
DA:60,0
DA:61,0
DA:62,0
DA:63,0
DA:64,0
DA:65,0
DA:66,0
DA:67,0
DA:70,1
DA:71,1
DA:72,1
DA:73,5
DA:74,1
DA:75,1
DA:76,1
DA:77,1
DA:78,1
DA:79,1
DA:80,1
DA:81,1
DA:82,1
DA:86,1
DA:87,1
DA:88,1
DA:89,1
DA:90,1
DA:91,1
DA:92,1
DA:93,1
DA:94,1
DA:95,1
DA:96,1
DA:97,1
DA:98,1
DA:99,1
DA:100,1
LF:58
LH:45
end_of_record
SF:lib\tv_series_fixtures\data\models\tv_model.dart
DA:13,4
DA:22,4
DA:23,2
DA:24,2
DA:25,2
DA:26,2
DA:27,2
DA:28,2
DA:31,2
DA:32,1
DA:33,1
DA:34,1
DA:35,1
DA:38,2
DA:39,2
DA:40,2
DA:41,2
DA:42,2
DA:43,2
DA:44,2
DA:45,2
DA:49,2
DA:50,2
DA:51,2
DA:52,2
DA:53,2
DA:54,2
DA:55,2
DA:56,2
LF:29
LH:29
end_of_record
SF:lib\core\data\models\genre_model.dart
DA:5,4
DA:13,4
DA:14,2
DA:15,2
DA:18,0
DA:19,0
DA:20,0
DA:23,2
DA:24,6
DA:27,2
DA:28,6
LF:11
LH:8
end_of_record
SF:lib\movie_fixtures\data\models\movie_response.dart
DA:8,2
DA:10,4
DA:11,4
DA:12,6
DA:13,6
DA:16,2
DA:17,5
DA:20,1
DA:21,2
LF:9
LH:9
end_of_record
SF:lib\movie_fixtures\data\repositories\movie_repository_impl.dart
DA:20,1
DA:26,1
DA:28,2
DA:30,2
DA:31,5
DA:32,1
DA:33,2
DA:34,0
DA:35,0
DA:39,2
DA:40,5
DA:41,0
DA:42,0
DA:47,1
DA:50,2
DA:51,2
DA:52,1
DA:53,2
DA:54,1
DA:55,2
DA:59,1
DA:62,2
DA:63,3
DA:64,1
DA:65,2
DA:66,1
DA:67,2
DA:71,1
DA:74,2
DA:75,5
DA:76,1
DA:77,2
DA:78,1
DA:79,2
DA:83,1
DA:86,2
DA:87,5
DA:88,1
DA:89,2
DA:90,1
DA:91,2
DA:95,1
DA:98,2
DA:99,5
DA:100,1
DA:101,2
DA:102,1
DA:103,2
DA:107,1
DA:111,3
DA:112,1
DA:113,1
DA:114,3
DA:120,1
DA:124,3
DA:125,1
DA:126,1
DA:127,3
DA:131,1
DA:133,2
DA:137,1
DA:139,2
DA:140,5
LF:63
LH:59
end_of_record
SF:lib\tv_series_fixtures\data\models\tv_response.dart
DA:7,2
DA:9,4
DA:10,4
DA:11,6
DA:12,4
DA:13,2
DA:14,2
DA:15,4
DA:18,2
DA:19,5
DA:22,1
DA:23,2
LF:12
LH:12
end_of_record
SF:lib\tv_series_fixtures\data\repositories\tv_repository_impl.dart
DA:18,1
DA:23,1
DA:27,2
DA:30,5
DA:31,1
DA:32,2
DA:44,1
DA:47,2
DA:48,2
DA:49,1
DA:50,2
DA:51,1
DA:52,2
DA:56,1
DA:59,2
DA:60,3
DA:61,1
DA:62,2
DA:63,1
DA:64,2
DA:68,1
DA:71,2
DA:72,5
DA:73,1
DA:74,2
DA:75,1
DA:76,2
DA:80,1
DA:83,2
DA:84,5
DA:85,1
DA:86,2
DA:87,1
DA:88,2
DA:92,1
DA:95,2
DA:96,5
DA:97,1
DA:98,2
DA:99,1
DA:100,2
DA:104,1
DA:108,3
DA:109,1
DA:110,1
DA:111,3
DA:117,1
DA:121,3
DA:122,1
DA:123,1
DA:124,3
DA:128,1
DA:130,2
DA:134,1
DA:136,2
DA:137,5
LF:56
LH:56
end_of_record
SF:lib\movie_fixtures\domain\usecases\get_movie_detail.dart
DA:10,1
DA:12,1
DA:13,2
LF:3
LH:3
end_of_record
SF:lib\movie_fixtures\domain\usecases\get_movie_recommendations.dart
DA:10,1
DA:12,1
DA:13,2
LF:3
LH:3
end_of_record
SF:lib\movie_fixtures\domain\usecases\get_now_playing_movies.dart
DA:10,1
DA:12,1
DA:13,2
LF:3
LH:3
end_of_record
SF:lib\tv_series_fixtures\domain\usecases\get_now_playing_tvs.dart
DA:10,1
DA:12,1
DA:13,2
LF:3
LH:3
end_of_record
SF:lib\movie_fixtures\domain\usecases\get_popular_movies.dart
DA:10,1
DA:12,1
DA:13,2
LF:3
LH:3
end_of_record
SF:lib\tv_series_fixtures\domain\usecases\get_popular_tvs.dart
DA:10,1
DA:12,1
DA:13,2
LF:3
LH:3
end_of_record
SF:lib\movie_fixtures\domain\usecases\get_top_rated_movies.dart
DA:10,1
DA:12,1
DA:13,2
LF:3
LH:3
end_of_record
SF:lib\tv_series_fixtures\domain\usecases\get_top_rated_tvs.dart
DA:10,1
DA:12,1
DA:13,2
LF:3
LH:3
end_of_record
SF:lib\tv_series_fixtures\domain\usecases\get_tv_detail.dart
DA:10,1
DA:12,1
DA:13,2
LF:3
LH:3
end_of_record
SF:lib\tv_series_fixtures\domain\usecases\get_tv_recomendations.dart
DA:10,1
DA:12,1
DA:13,2
LF:3
LH:3
end_of_record
SF:lib\movie_fixtures\domain\usecases\get_watchlist_movies.dart
DA:10,1
DA:12,1
DA:13,2
LF:3
LH:3
end_of_record
SF:lib\movie_fixtures\domain\usecases\get_movie_watchlist_status.dart
DA:6,1
DA:8,1
DA:9,2
LF:3
LH:3
end_of_record
SF:lib\tv_series_fixtures\domain\usecases\get_watchlist_tvs.dart
DA:10,1
DA:12,1
DA:13,2
LF:3
LH:3
end_of_record
SF:lib\tv_series_fixtures\domain\usecases\get_tv_watchlist_status.dart
DA:6,1
DA:8,1
DA:9,2
LF:3
LH:3
end_of_record
SF:lib\movie_fixtures\domain\usecases\remove_watchlist_movie.dart
DA:10,1
DA:12,1
DA:13,2
LF:3
LH:3
end_of_record
SF:lib\tv_series_fixtures\domain\usecases\remove_watchlist_tv.dart
DA:10,1
DA:12,1
DA:13,2
LF:3
LH:3
end_of_record
SF:lib\movie_fixtures\domain\usecases\save_watchlist_movie.dart
DA:10,1
DA:12,1
DA:13,2
LF:3
LH:3
end_of_record
SF:lib\tv_series_fixtures\domain\usecases\save_watchlist_tv.dart
DA:10,1
DA:12,1
DA:13,2
LF:3
LH:3
end_of_record
SF:lib\movie_fixtures\domain\usecases\search_movies.dart
DA:10,1
DA:12,1
DA:13,2
LF:3
LH:3
end_of_record
SF:lib\tv_series_fixtures\domain\usecases\search_tvs.dart
DA:10,1
DA:12,1
DA:13,2
LF:3
LH:3
end_of_record
SF:lib\movie_fixtures\presentation\bloc\detail\movie_detail_state.dart
DA:4,2
DA:6,0
DA:7,0
DA:19,2
DA:29,2
DA:38,2
DA:39,1
DA:40,1
DA:41,1
DA:42,2
DA:43,2
DA:44,1
DA:45,1
DA:49,2
DA:50,2
DA:51,2
DA:54,2
DA:66,2
DA:74,1
DA:75,1
DA:76,1
DA:77,1
DA:78,1
DA:79,1
DA:80,1
DA:81,1
DA:82,1
LF:27
LH:25
end_of_record
SF:lib\movie_fixtures\presentation\bloc\detail\movie_detail_event.dart
DA:4,3
DA:6,0
DA:7,0
DA:13,2
DA:15,0
DA:16,0
DA:22,2
DA:24,0
DA:25,0
DA:31,1
DA:33,0
DA:34,0
DA:40,2
DA:42,0
DA:43,0
LF:15
LH:5
end_of_record
SF:lib\movie_fixtures\presentation\bloc\detail\movie_detail_bloc.dart
DA:26,1
DA:32,2
DA:33,1
DA:34,1
DA:35,3
DA:37,3
DA:39,3
DA:41,1
DA:42,2
DA:43,2
DA:45,1
DA:49,1
DA:50,1
DA:51,2
DA:58,1
DA:59,4
DA:61,1
DA:64,2
DA:65,2
DA:76,1
DA:77,1
DA:78,3
DA:80,1
DA:81,2
DA:82,2
DA:83,1
DA:86,2
DA:87,2
DA:90,4
DA:93,1
DA:94,1
DA:95,3
DA:97,1
DA:98,5
DA:99,2
DA:100,2
DA:103,4
DA:106,1
DA:107,1
DA:108,3
DA:110,3
LF:41
LH:41
end_of_record
SF:lib\movie_fixtures\presentation\bloc\list\movie_list_bloc.dart
DA:14,1
DA:15,2
DA:16,2
DA:17,2
DA:19,2
DA:21,1
DA:22,4
DA:23,3
DA:31,1
DA:32,2
DA:33,2
DA:34,2
DA:36,2
DA:38,1
DA:39,4
DA:40,3
DA:48,1
DA:49,2
DA:50,2
DA:51,2
DA:53,2
DA:55,1
DA:56,4
DA:57,3
LF:24
LH:24
end_of_record
SF:lib\movie_fixtures\presentation\bloc\list\movie_list_state.dart
DA:4,1
DA:6,1
DA:7,1
DA:17,1
DA:18,1
DA:19,2
DA:25,1
DA:27,1
DA:28,2
DA:38,1
DA:39,1
DA:40,2
DA:46,1
DA:48,1
DA:49,2
DA:59,1
DA:60,1
DA:61,2
DA:67,1
DA:69,1
DA:70,2
LF:21
LH:21
end_of_record
SF:lib\movie_fixtures\presentation\bloc\list\movie_list_event.dart
DA:4,1
DA:6,0
DA:7,0
LF:3
LH:1
end_of_record
SF:lib\movie_fixtures\presentation\bloc\popular\popular_movies_state.dart
DA:4,2
DA:6,1
DA:7,1
DA:17,2
DA:19,1
DA:20,2
DA:25,2
DA:27,1
DA:28,2
LF:9
LH:9
end_of_record
SF:lib\movie_fixtures\presentation\bloc\popular\popular_movies_bloc.dart
DA:13,3
DA:14,2
DA:15,2
DA:17,2
DA:19,1
DA:20,2
DA:21,2
DA:23,2
DA:24,1
LF:9
LH:9
end_of_record
SF:lib\movie_fixtures\presentation\bloc\popular\popular_movies_event.dart
DA:4,2
DA:6,0
DA:7,0
LF:3
LH:1
end_of_record
SF:lib\movie_fixtures\presentation\bloc\top_rated\top_rated_movies_bloc.dart
DA:13,3
DA:14,2
DA:15,2
DA:17,2
DA:19,1
DA:20,2
DA:21,2
DA:23,2
DA:24,1
LF:9
LH:9
end_of_record
SF:lib\movie_fixtures\presentation\bloc\top_rated\top_rated_movies_state.dart
DA:4,2
DA:6,1
DA:7,1
DA:17,2
DA:19,1
DA:20,2
DA:25,2
DA:27,1
DA:28,2
LF:9
LH:9
end_of_record
SF:lib\movie_fixtures\presentation\bloc\top_rated\top_rated_movies_event.dart
DA:4,2
DA:6,0
DA:7,0
LF:3
LH:1
end_of_record
SF:lib\movie_fixtures\presentation\bloc\watchlist\watchlist_movie_state.dart
DA:4,2
DA:6,1
DA:7,1
DA:16,1
DA:18,1
DA:19,2
DA:25,2
DA:27,1
DA:28,2
LF:9
LH:9
end_of_record
SF:lib\movie_fixtures\presentation\bloc\watchlist\watchlist_movie_bloc.dart
DA:13,3
DA:14,2
DA:15,2
DA:17,2
DA:19,1
DA:20,2
DA:21,2
DA:23,2
DA:24,1
LF:9
LH:9
end_of_record
SF:lib\movie_fixtures\presentation\bloc\watchlist\watchlist_movie_event.dart
DA:4,1
DA:6,0
DA:7,0
LF:3
LH:1
end_of_record
SF:lib\tv_series_fixtures\presentation\bloc\now_playing\now_playing_tvs_state.dart
DA:4,1
DA:6,1
DA:7,1
DA:17,1
DA:19,1
DA:20,2
DA:26,1
DA:28,1
DA:29,2
LF:9
LH:9
end_of_record
SF:lib\tv_series_fixtures\presentation\bloc\now_playing\now_playing_tvs_bloc.dart
DA:12,3
DA:13,2
DA:14,2
DA:16,2
DA:18,1
DA:19,4
DA:20,3
LF:7
LH:7
end_of_record
SF:lib\tv_series_fixtures\presentation\bloc\now_playing\now_playing_tvs_event.dart
DA:4,1
DA:6,0
DA:7,0
LF:3
LH:1
end_of_record
SF:lib\tv_series_fixtures\presentation\bloc\popular\popular_tvs_bloc.dart
DA:11,3
DA:12,2
DA:13,2
DA:15,2
DA:17,1
DA:18,4
DA:19,2
DA:20,1
LF:8
LH:8
end_of_record
SF:lib\tv_series_fixtures\presentation\bloc\popular\popular_tvs_event.dart
DA:4,1
DA:6,0
DA:7,0
LF:3
LH:1
end_of_record
SF:lib\tv_series_fixtures\presentation\bloc\popular\popular_tvs_state.dart
DA:4,1
DA:6,1
DA:7,1
DA:17,1
DA:19,1
DA:20,2
DA:26,1
DA:28,1
DA:29,2
LF:9
LH:9
end_of_record
SF:lib\tv_series_fixtures\presentation\bloc\top_rated\top_rated_tvs_state.dart
DA:4,2
DA:6,1
DA:7,1
DA:16,2
DA:18,1
DA:19,2
DA:25,1
DA:27,1
DA:28,2
LF:9
LH:9
end_of_record
SF:lib\tv_series_fixtures\presentation\bloc\top_rated\top_rated_tvs_event.dart
DA:4,1
DA:6,0
DA:7,0
LF:3
LH:1
end_of_record
SF:lib\tv_series_fixtures\presentation\bloc\top_rated\top_rated_tvs_bloc.dart
DA:12,3
DA:13,2
DA:14,2
DA:16,2
DA:18,1
DA:19,4
DA:20,2
DA:21,1
LF:8
LH:8
end_of_record
SF:lib\tv_series_fixtures\presentation\bloc\detail\tv_detail_event.dart
DA:4,2
DA:6,0
DA:7,0
DA:12,1
DA:14,0
DA:15,0
DA:20,1
DA:22,0
DA:23,0
DA:29,1
DA:31,0
DA:32,0
DA:38,1
DA:40,0
DA:41,0
LF:15
LH:5
end_of_record
SF:lib\tv_series_fixtures\presentation\bloc\detail\tv_detail_state.dart
DA:4,1
DA:6,0
DA:7,0
DA:19,1
DA:29,1
DA:38,1
DA:39,1
DA:40,1
DA:41,1
DA:42,1
DA:43,1
DA:44,1
DA:45,1
DA:49,1
DA:50,1
DA:51,1
DA:53,1
DA:65,1
DA:73,1
DA:74,1
DA:75,1
DA:76,1
DA:77,1
DA:78,1
DA:79,1
DA:80,1
DA:81,1
LF:27
LH:25
end_of_record
SF:lib\tv_series_fixtures\presentation\bloc\detail\tv_detail_bloc.dart
DA:26,1
DA:32,2
DA:33,1
DA:34,1
DA:35,3
DA:37,3
DA:39,3
DA:41,1
DA:42,2
DA:43,2
DA:45,1
DA:49,1
DA:50,1
DA:51,2
DA:58,1
DA:59,4
DA:61,1
DA:64,2
DA:65,2
DA:77,1
DA:78,1
DA:79,3
DA:81,1
DA:82,2
DA:83,2
DA:84,1
DA:87,2
DA:88,2
DA:91,4
DA:94,1
DA:95,1
DA:96,3
DA:98,1
DA:99,5
DA:100,2
DA:101,2
DA:104,4
DA:107,1
DA:108,1
DA:109,3
DA:111,3
LF:41
LH:41
end_of_record
SF:lib\tv_series_fixtures\presentation\bloc\list\tv_list_state.dart
DA:4,1
DA:6,1
DA:7,1
DA:17,1
DA:19,1
DA:20,2
DA:26,1
DA:28,1
DA:29,2
DA:39,1
DA:41,1
DA:42,2
DA:48,1
DA:50,1
DA:51,2
DA:61,1
DA:63,1
DA:64,2
DA:70,1
DA:72,1
DA:73,2
LF:21
LH:21
end_of_record
SF:lib\tv_series_fixtures\presentation\bloc\list\tv_list_bloc.dart
DA:14,1
DA:15,2
DA:16,2
DA:17,2
DA:19,2
DA:21,1
DA:22,4
DA:23,3
DA:31,3
DA:32,2
DA:33,2
DA:35,2
DA:37,1
DA:38,4
DA:39,2
DA:40,1
DA:49,3
DA:50,2
DA:51,2
DA:53,2
DA:55,5
DA:56,3
LF:22
LH:22
end_of_record
SF:lib\tv_series_fixtures\presentation\bloc\list\tv_list_event.dart
DA:4,1
DA:6,0
DA:7,0
LF:3
LH:1
end_of_record
SF:lib\tv_series_fixtures\presentation\bloc\watchlist\watchlist_tv_state.dart
DA:4,2
DA:6,1
DA:7,1
DA:16,1
DA:18,1
DA:19,2
DA:25,2
DA:27,1
DA:28,2
LF:9
LH:9
end_of_record
SF:lib\tv_series_fixtures\presentation\bloc\watchlist\watchlist_tv_bloc.dart
DA:13,3
DA:14,2
DA:15,2
DA:17,2
DA:19,5
DA:20,3
LF:6
LH:6
end_of_record
SF:lib\tv_series_fixtures\presentation\bloc\watchlist\watchlist_tv_event.dart
DA:4,1
DA:6,0
DA:7,0
LF:3
LH:1
end_of_record
SF:lib\movie_fixtures\presentation\pages\movie_detail_page.dart
DA:17,1
DA:19,1
DA:20,1
DA:24,1
DA:26,1
DA:27,1
DA:28,1
DA:29,6
DA:30,1
DA:31,1
DA:32,4
DA:37,1
DA:39,1
DA:40,1
DA:41,1
DA:42,2
DA:43,0
DA:44,0
DA:46,2
DA:47,1
DA:48,1
DA:49,1
DA:50,1
DA:51,1
DA:55,1
DA:56,1
DA:60,1
DA:61,3
DA:62,2
DA:63,1
DA:64,2
DA:66,2
DA:68,2
DA:69,1
DA:70,4
DA:72,1
DA:74,1
DA:75,1
DA:76,2
DA:92,1
DA:98,1
DA:100,3
DA:101,1
DA:102,1
DA:103,1
DA:104,3
DA:106,2
DA:107,1
DA:109,0
DA:111,1
DA:113,1
DA:114,1
DA:115,1
DA:116,1
DA:118,2
DA:125,1
DA:126,1
DA:127,1
DA:129,1
DA:131,1
DA:133,1
DA:134,1
DA:135,2
DA:136,1
DA:138,1
DA:139,1
DA:140,1
DA:142,1
DA:143,3
DA:146,0
DA:147,0
DA:150,1
DA:152,1
DA:153,1
DA:154,1
DA:155,1
DA:156,1
DA:160,1
DA:161,3
DA:163,1
DA:164,3
DA:166,1
DA:167,1
DA:168,1
DA:169,3
DA:171,2
DA:177,4
DA:180,1
DA:181,1
DA:183,1
DA:185,1
DA:186,2
DA:188,1
DA:189,1
DA:191,1
DA:193,1
DA:194,1
DA:195,2
DA:197,0
DA:198,0
DA:200,2
DA:202,1
DA:204,1
DA:206,1
DA:207,2
DA:208,1
DA:210,1
DA:211,0
DA:212,0
DA:215,0
DA:218,1
DA:219,1
DA:220,1
DA:222,1
DA:224,2
DA:225,1
DA:226,1
DA:228,1
DA:231,0
DA:232,0
DA:238,2
DA:242,0
DA:243,0
DA:252,1
DA:254,1
DA:269,1
DA:271,1
DA:274,1
DA:275,1
DA:276,0
DA:277,0
DA:286,1
DA:288,2
DA:289,3
DA:292,1
DA:296,3
DA:299,1
DA:300,1
DA:301,1
DA:303,1
DA:304,1
DA:306,0
LF:142
LH:125
end_of_record
SF:lib\core\common\constants.dart
DA:18,2
DA:19,1
DA:20,9
DA:22,0
DA:24,0
DA:28,0
DA:29,0
DA:30,0
DA:31,0
DA:32,0
LF:10
LH:3
end_of_record
SF:lib\movie_fixtures\presentation\pages\popular_movies_page.dart
DA:9,1
DA:10,1
DA:14,1
DA:16,1
DA:17,1
DA:18,5
DA:21,1
DA:23,1
DA:24,1
DA:25,1
DA:27,1
DA:29,1
DA:30,1
DA:31,1
DA:32,1
DA:33,1
DA:35,1
DA:36,1
DA:37,1
DA:38,2
DA:39,1
DA:41,2
DA:44,1
DA:45,1
LF:24
LH:24
end_of_record
SF:lib\movie_fixtures\presentation\widgets\movie_card_list.dart
DA:11,2
DA:13,2
DA:15,2
DA:17,2
DA:18,0
DA:19,0
DA:22,0
DA:25,2
DA:27,2
DA:28,2
DA:29,2
DA:35,2
DA:37,2
DA:38,2
DA:39,4
DA:42,2
DA:44,2
DA:45,2
DA:46,4
DA:54,2
DA:59,2
DA:60,2
DA:61,6
DA:63,4
DA:64,2
DA:66,0
DA:68,4
LF:27
LH:23
end_of_record
SF:lib\movie_fixtures\presentation\pages\top_rated_movies_page.dart
DA:9,1
DA:10,1
DA:14,1
DA:16,1
DA:17,1
DA:18,5
DA:21,1
DA:23,1
DA:24,1
DA:25,1
DA:27,1
DA:29,1
DA:30,1
DA:31,1
DA:32,1
DA:33,1
DA:35,1
DA:36,1
DA:37,1
DA:38,2
DA:39,1
DA:41,2
DA:44,1
DA:45,1
LF:24
LH:24
end_of_record
